<?xml version="1.0" encoding="UTF-8"?>
<!-- Generated by org.testng.reporters.JUnitReportReporter -->
<testsuite skipped="0" hostname="MIRHUQUE74C0" name="com.runner.MyRunner" tests="1" failures="0" timestamp="02 Jan 2022 14:40:17 GMT" time="8.240" errors="0">
  <testcase name="runScenario" time="8.240" classname="com.runner.MyRunner"/>
</testsuite> <!-- com.runner.MyRunner -->
