<?xml version="1.0" encoding="UTF-8"?>
<!-- Generated by org.testng.reporters.JUnitReportReporter -->
<testsuite skipped="0" hostname="MIRHUQUE74C0" name="com.baseclass.BaseClass" tests="2" failures="0" timestamp="06 Feb 2022 15:21:55 GMT" time="9.193" errors="0">
  <testcase name="openApplication" time="4.200" classname="com.baseclass.BaseClass"/>
  <testcase name="openApplication" time="4.993" classname="com.baseclass.BaseClass"/>
</testsuite> <!-- com.baseclass.BaseClass -->
