<?xml version="1.0" encoding="UTF-8"?>
<!-- Generated by org.testng.reporters.JUnitReportReporter -->
<testsuite skipped="0" hostname="MIRHUQUE74C0" name="com.seleniumchallenges.Alerts" tests="1" failures="0" timestamp="06 Mar 2022 17:29:43 GMT" time="8.189" errors="0">
  <testcase name="alertMessage" time="8.189" classname="com.seleniumchallenges.Alerts"/>
</testsuite> <!-- com.seleniumchallenges.Alerts -->
