<?xml version="1.0" encoding="UTF-8"?>
<!-- Generated by org.testng.reporters.JUnitReportReporter -->
<testsuite skipped="0" hostname="MIRHUQUE74C0" name="com.seleniumchallenges.DropDown" tests="1" failures="0" timestamp="06 Mar 2022 19:36:48 GMT" time="4.334" errors="0">
  <testcase name="dropDownMenu" time="4.334" classname="com.seleniumchallenges.DropDown"/>
</testsuite> <!-- com.seleniumchallenges.DropDown -->
