<?xml version="1.0" encoding="UTF-8"?>
<!-- Generated by org.testng.reporters.JUnitReportReporter -->
<testsuite skipped="0" hostname="MIRHUQUE74C0" name="com.apitesting.PostMethod" tests="1" failures="0" timestamp="20 Feb 2022 18:14:28 GMT" time="2.873" errors="0">
  <testcase name="postRequest" time="2.873" classname="com.apitesting.PostMethod"/>
</testsuite> <!-- com.apitesting.PostMethod -->
