<?xml version="1.0" encoding="UTF-8"?>
<!-- Generated by org.testng.reporters.JUnitReportReporter -->
<testsuite skipped="0" hostname="MIRHUQUE74C0" name="com.seleniumchallenges.Alerts" tests="1" failures="0" timestamp="27 Feb 2022 20:23:22 GMT" time="8.843" errors="0">
  <testcase name="alertMessage" time="8.843" classname="com.seleniumchallenges.Alerts"/>
</testsuite> <!-- com.seleniumchallenges.Alerts -->
