<?xml version="1.0" encoding="UTF-8"?>
<!-- Generated by org.testng.reporters.JUnitReportReporter -->
<testsuite skipped="0" hostname="MIRHUQUE74C0" name="com.seleniumchallenges.MultipleWindows" tests="1" failures="0" timestamp="06 Mar 2022 19:02:49 GMT" time="4.342" errors="0">
  <testcase name="switchWindow" time="4.342" classname="com.seleniumchallenges.MultipleWindows"/>
</testsuite> <!-- com.seleniumchallenges.MultipleWindows -->
