<?xml version="1.0" encoding="UTF-8"?>
<!-- Generated by org.testng.reporters.JUnitReportReporter -->
<testsuite skipped="0" hostname="MIRHUQUE74C0" name="com.testngpractice.TestNGAnnotations" tests="52" failures="0" timestamp="30 Jan 2022 17:29:01 GMT" time="0.179" errors="0">
  <testcase name="LoginTest" time="0.009" classname="com.testngpractice.TestNGAnnotations"/>
  <testcase name="SearchTest" time="0.002" classname="com.testngpractice.TestNGAnnotations"/>
  <testcase name="SearchTest" time="0.004" classname="com.testngpractice.TestNGAnnotations"/>
  <testcase name="SearchTest" time="0.004" classname="com.testngpractice.TestNGAnnotations"/>
  <testcase name="SearchTest" time="0.002" classname="com.testngpractice.TestNGAnnotations"/>
  <testcase name="SearchTest" time="0.002" classname="com.testngpractice.TestNGAnnotations"/>
  <testcase name="SearchTest" time="0.002" classname="com.testngpractice.TestNGAnnotations"/>
  <testcase name="SearchTest" time="0.003" classname="com.testngpractice.TestNGAnnotations"/>
  <testcase name="SearchTest" time="0.002" classname="com.testngpractice.TestNGAnnotations"/>
  <testcase name="SearchTest" time="0.003" classname="com.testngpractice.TestNGAnnotations"/>
  <testcase name="SearchTest" time="0.003" classname="com.testngpractice.TestNGAnnotations"/>
  <testcase name="SearchTest" time="0.007" classname="com.testngpractice.TestNGAnnotations"/>
  <testcase name="SearchTest" time="0.004" classname="com.testngpractice.TestNGAnnotations"/>
  <testcase name="SearchTest" time="0.005" classname="com.testngpractice.TestNGAnnotations"/>
  <testcase name="SearchTest" time="0.004" classname="com.testngpractice.TestNGAnnotations"/>
  <testcase name="SearchTest" time="0.007" classname="com.testngpractice.TestNGAnnotations"/>
  <testcase name="SearchTest" time="0.003" classname="com.testngpractice.TestNGAnnotations"/>
  <testcase name="SearchTest" time="0.003" classname="com.testngpractice.TestNGAnnotations"/>
  <testcase name="SearchTest" time="0.002" classname="com.testngpractice.TestNGAnnotations"/>
  <testcase name="SearchTest" time="0.009" classname="com.testngpractice.TestNGAnnotations"/>
  <testcase name="SearchTest" time="0.002" classname="com.testngpractice.TestNGAnnotations"/>
  <testcase name="SearchTest" time="0.002" classname="com.testngpractice.TestNGAnnotations"/>
  <testcase name="SearchTest" time="0.007" classname="com.testngpractice.TestNGAnnotations"/>
  <testcase name="SearchTest" time="0.002" classname="com.testngpractice.TestNGAnnotations"/>
  <testcase name="SearchTest" time="0.003" classname="com.testngpractice.TestNGAnnotations"/>
  <testcase name="SearchTest" time="0.001" classname="com.testngpractice.TestNGAnnotations"/>
  <testcase name="SearchTest" time="0.002" classname="com.testngpractice.TestNGAnnotations"/>
  <testcase name="SearchTest" time="0.002" classname="com.testngpractice.TestNGAnnotations"/>
  <testcase name="SearchTest" time="0.001" classname="com.testngpractice.TestNGAnnotations"/>
  <testcase name="SearchTest" time="0.002" classname="com.testngpractice.TestNGAnnotations"/>
  <testcase name="SearchTest" time="0.001" classname="com.testngpractice.TestNGAnnotations"/>
  <testcase name="SearchTest" time="0.004" classname="com.testngpractice.TestNGAnnotations"/>
  <testcase name="SearchTest" time="0.003" classname="com.testngpractice.TestNGAnnotations"/>
  <testcase name="SearchTest" time="0.007" classname="com.testngpractice.TestNGAnnotations"/>
  <testcase name="SearchTest" time="0.002" classname="com.testngpractice.TestNGAnnotations"/>
  <testcase name="SearchTest" time="0.003" classname="com.testngpractice.TestNGAnnotations"/>
  <testcase name="SearchTest" time="0.003" classname="com.testngpractice.TestNGAnnotations"/>
  <testcase name="SearchTest" time="0.002" classname="com.testngpractice.TestNGAnnotations"/>
  <testcase name="SearchTest" time="0.003" classname="com.testngpractice.TestNGAnnotations"/>
  <testcase name="SearchTest" time="0.004" classname="com.testngpractice.TestNGAnnotations"/>
  <testcase name="SearchTest" time="0.002" classname="com.testngpractice.TestNGAnnotations"/>
  <testcase name="SearchTest" time="0.005" classname="com.testngpractice.TestNGAnnotations"/>
  <testcase name="SearchTest" time="0.003" classname="com.testngpractice.TestNGAnnotations"/>
  <testcase name="SearchTest" time="0.010" classname="com.testngpractice.TestNGAnnotations"/>
  <testcase name="SearchTest" time="0.003" classname="com.testngpractice.TestNGAnnotations"/>
  <testcase name="SearchTest" time="0.003" classname="com.testngpractice.TestNGAnnotations"/>
  <testcase name="SearchTest" time="0.004" classname="com.testngpractice.TestNGAnnotations"/>
  <testcase name="SearchTest" time="0.000" classname="com.testngpractice.TestNGAnnotations"/>
  <testcase name="SearchTest" time="0.004" classname="com.testngpractice.TestNGAnnotations"/>
  <testcase name="SearchTest" time="0.002" classname="com.testngpractice.TestNGAnnotations"/>
  <testcase name="SearchTest" time="0.004" classname="com.testngpractice.TestNGAnnotations"/>
  <testcase name="CheckProfileTest" time="0.003" classname="com.testngpractice.TestNGAnnotations"/>
</testsuite> <!-- com.testngpractice.TestNGAnnotations -->
