<?xml version="1.0" encoding="UTF-8"?>
<!-- Generated by org.testng.reporters.JUnitReportReporter -->
<testsuite skipped="0" hostname="MIRHUQUE74C0" name="com.apitesting.GetMethod" tests="1" failures="0" timestamp="20 Feb 2022 16:28:10 GMT" time="3.343" errors="0">
  <testcase name="getRequest" time="3.343" classname="com.apitesting.GetMethod"/>
</testsuite> <!-- com.apitesting.GetMethod -->
