<?xml version="1.0" encoding="UTF-8"?>
<!-- Generated by org.testng.reporters.JUnitReportReporter -->
<testsuite skipped="0" hostname="MIRHUQUE74C0" name="com.apitesting.PutMethod" tests="1" failures="0" timestamp="20 Feb 2022 18:29:34 GMT" time="2.879" errors="0">
  <testcase name="putRequest" time="2.879" classname="com.apitesting.PutMethod"/>
</testsuite> <!-- com.apitesting.PutMethod -->
