<?xml version="1.0" encoding="UTF-8"?>
<!-- Generated by org.testng.reporters.JUnitReportReporter -->
<testsuite skipped="0" hostname="MIRHUQUE74C0" name="com.apitesting.BDDStyleAPI" tests="1" failures="0" timestamp="20 Feb 2022 18:58:45 GMT" time="2.640" errors="0">
  <testcase name="getBDDMethod" time="2.640" classname="com.apitesting.BDDStyleAPI"/>
</testsuite> <!-- com.apitesting.BDDStyleAPI -->
