<?xml version="1.0" encoding="UTF-8"?>
<!-- Generated by org.testng.reporters.JUnitReportReporter -->
<testsuite skipped="0" hostname="MIRHUQUE74C0" name="com.testngpractice.PracticeTestNG" tests="1" failures="0" timestamp="30 Jan 2022 16:32:28 GMT" time="1.013" errors="0">
  <testcase name="openApplication" time="1.013" classname="com.testngpractice.PracticeTestNG"/>
</testsuite> <!-- com.testngpractice.PracticeTestNG -->
