<?xml version="1.0" encoding="UTF-8"?>
<!-- Generated by org.testng.reporters.JUnitReportReporter -->
<testsuite skipped="0" hostname="MIRHUQUE74C0" name="com.apitesting.PatchMethod" tests="1" failures="0" timestamp="20 Feb 2022 18:35:17 GMT" time="2.923" errors="0">
  <testcase name="patchRequest" time="2.923" classname="com.apitesting.PatchMethod"/>
</testsuite> <!-- com.apitesting.PatchMethod -->
